<?xml version="1.0" encoding="UTF-8"?>
<!-- Generated by org.testng.reporters.JUnitReportReporter -->
<testsuite name="com.znodellc.admin9xqa.Znode9X.executor.Execute" tests="15" time="33.044" ignored="0" failures="0" timestamp="22 Jun 2017 09:25:37 GMT" skipped="0" hostname="MSD001" errors="0">
  <testcase name="getSteps" time="4.651" classname="com.znodellc.admin9xqa.Znode9X.executor.Execute"/>
  <testcase name="getSteps" time="0.033" classname="com.znodellc.admin9xqa.Znode9X.executor.Execute"/>
  <testcase name="getSteps" time="0.095" classname="com.znodellc.admin9xqa.Znode9X.executor.Execute"/>
  <testcase name="getSteps" time="3.107" classname="com.znodellc.admin9xqa.Znode9X.executor.Execute"/>
  <testcase name="getSteps" time="5.583" classname="com.znodellc.admin9xqa.Znode9X.executor.Execute"/>
  <testcase name="getSteps" time="0.132" classname="com.znodellc.admin9xqa.Znode9X.executor.Execute"/>
  <testcase name="getSteps" time="3.103" classname="com.znodellc.admin9xqa.Znode9X.executor.Execute"/>
  <testcase name="getSteps" time="9.926" classname="com.znodellc.admin9xqa.Znode9X.executor.Execute"/>
  <testcase name="getSteps" time="3.105" classname="com.znodellc.admin9xqa.Znode9X.executor.Execute"/>
  <testcase name="getSteps" time="3.102" classname="com.znodellc.admin9xqa.Znode9X.executor.Execute"/>
  <testcase name="getSteps" time="0.025" classname="com.znodellc.admin9xqa.Znode9X.executor.Execute"/>
  <testcase name="getSteps" time="0.111" classname="com.znodellc.admin9xqa.Znode9X.executor.Execute"/>
  <testcase name="getSteps" time="0.022" classname="com.znodellc.admin9xqa.Znode9X.executor.Execute"/>
  <testcase name="getSteps" time="0.025" classname="com.znodellc.admin9xqa.Znode9X.executor.Execute"/>
  <testcase name="getSteps" time="0.024" classname="com.znodellc.admin9xqa.Znode9X.executor.Execute"/>
</testsuite> <!-- com.znodellc.admin9xqa.Znode9X.executor.Execute -->
