<?xml version="1.0" encoding="UTF-8"?>
<!-- Generated by org.testng.reporters.JUnitReportReporter -->
<testsuite name="com.znodellc.admin9xqa.Znode9X.executor.Execute" tests="45" time="194.448" ignored="0" failures="0" timestamp="04 Jul 2017 10:02:41 GMT" skipped="0" hostname="MSD001" errors="0">
  <testcase name="getSteps" time="39.306" classname="com.znodellc.admin9xqa.Znode9X.executor.Execute"/>
  <testcase name="getSteps" time="0.027" classname="com.znodellc.admin9xqa.Znode9X.executor.Execute"/>
  <testcase name="getSteps" time="3.126" classname="com.znodellc.admin9xqa.Znode9X.executor.Execute"/>
  <testcase name="getSteps" time="0.022" classname="com.znodellc.admin9xqa.Znode9X.executor.Execute"/>
  <testcase name="getSteps" time="0.017" classname="com.znodellc.admin9xqa.Znode9X.executor.Execute"/>
  <testcase name="getSteps" time="0.014" classname="com.znodellc.admin9xqa.Znode9X.executor.Execute"/>
  <testcase name="getSteps" time="0.016" classname="com.znodellc.admin9xqa.Znode9X.executor.Execute"/>
  <testcase name="getSteps" time="0.021" classname="com.znodellc.admin9xqa.Znode9X.executor.Execute"/>
  <testcase name="getSteps" time="0.018" classname="com.znodellc.admin9xqa.Znode9X.executor.Execute"/>
  <testcase name="getSteps" time="44.415" classname="com.znodellc.admin9xqa.Znode9X.executor.Execute"/>
  <testcase name="getSteps" time="0.013" classname="com.znodellc.admin9xqa.Znode9X.executor.Execute"/>
  <testcase name="getSteps" time="0.015" classname="com.znodellc.admin9xqa.Znode9X.executor.Execute"/>
  <testcase name="getSteps" time="32.621" classname="com.znodellc.admin9xqa.Znode9X.executor.Execute"/>
  <testcase name="getSteps" time="0.018" classname="com.znodellc.admin9xqa.Znode9X.executor.Execute"/>
  <testcase name="getSteps" time="0.015" classname="com.znodellc.admin9xqa.Znode9X.executor.Execute"/>
  <testcase name="getSteps" time="0.023" classname="com.znodellc.admin9xqa.Znode9X.executor.Execute"/>
  <testcase name="getSteps" time="0.020" classname="com.znodellc.admin9xqa.Znode9X.executor.Execute"/>
  <testcase name="getSteps" time="0.016" classname="com.znodellc.admin9xqa.Znode9X.executor.Execute"/>
  <testcase name="getSteps" time="0.026" classname="com.znodellc.admin9xqa.Znode9X.executor.Execute"/>
  <testcase name="getSteps" time="0.016" classname="com.znodellc.admin9xqa.Znode9X.executor.Execute"/>
  <testcase name="getSteps" time="0.015" classname="com.znodellc.admin9xqa.Znode9X.executor.Execute"/>
  <testcase name="getSteps" time="0.096" classname="com.znodellc.admin9xqa.Znode9X.executor.Execute"/>
  <testcase name="getSteps" time="0.017" classname="com.znodellc.admin9xqa.Znode9X.executor.Execute"/>
  <testcase name="getSteps" time="0.025" classname="com.znodellc.admin9xqa.Znode9X.executor.Execute"/>
  <testcase name="getSteps" time="0.016" classname="com.znodellc.admin9xqa.Znode9X.executor.Execute"/>
  <testcase name="getSteps" time="0.086" classname="com.znodellc.admin9xqa.Znode9X.executor.Execute"/>
  <testcase name="getSteps" time="0.017" classname="com.znodellc.admin9xqa.Znode9X.executor.Execute"/>
  <testcase name="getSteps" time="0.015" classname="com.znodellc.admin9xqa.Znode9X.executor.Execute"/>
  <testcase name="getSteps" time="0.016" classname="com.znodellc.admin9xqa.Znode9X.executor.Execute"/>
  <testcase name="getSteps" time="3.124" classname="com.znodellc.admin9xqa.Znode9X.executor.Execute"/>
  <testcase name="getSteps" time="0.021" classname="com.znodellc.admin9xqa.Znode9X.executor.Execute"/>
  <testcase name="getSteps" time="0.138" classname="com.znodellc.admin9xqa.Znode9X.executor.Execute"/>
  <testcase name="getSteps" time="0.022" classname="com.znodellc.admin9xqa.Znode9X.executor.Execute"/>
  <testcase name="getSteps" time="6.962" classname="com.znodellc.admin9xqa.Znode9X.executor.Execute"/>
  <testcase name="getSteps" time="0.020" classname="com.znodellc.admin9xqa.Znode9X.executor.Execute"/>
  <testcase name="getSteps" time="47.435" classname="com.znodellc.admin9xqa.Znode9X.executor.Execute"/>
  <testcase name="getSteps" time="0.016" classname="com.znodellc.admin9xqa.Znode9X.executor.Execute"/>
  <testcase name="getSteps" time="6.253" classname="com.znodellc.admin9xqa.Znode9X.executor.Execute"/>
  <testcase name="getSteps" time="0.025" classname="com.znodellc.admin9xqa.Znode9X.executor.Execute"/>
  <testcase name="getSteps" time="0.076" classname="com.znodellc.admin9xqa.Znode9X.executor.Execute"/>
  <testcase name="getSteps" time="10.110" classname="com.znodellc.admin9xqa.Znode9X.executor.Execute"/>
  <testcase name="getSteps" time="0.016" classname="com.znodellc.admin9xqa.Znode9X.executor.Execute"/>
  <testcase name="getSteps" time="0.121" classname="com.znodellc.admin9xqa.Znode9X.executor.Execute"/>
  <testcase name="getSteps" time="0.018" classname="com.znodellc.admin9xqa.Znode9X.executor.Execute"/>
  <testcase name="getSteps" time="0.023" classname="com.znodellc.admin9xqa.Znode9X.executor.Execute"/>
</testsuite> <!-- com.znodellc.admin9xqa.Znode9X.executor.Execute -->
