<?xml version="1.0" encoding="UTF-8"?>
<!-- Generated by org.testng.reporters.JUnitReportReporter -->
<testsuite name="com.znodellc.admin9xqa.Znode9X.executor.Execute" tests="9" time="24.471" ignored="0" failures="0" timestamp="23 Jun 2017 11:54:42 GMT" skipped="0" hostname="MSD001" errors="0">
  <testcase name="getSteps" time="0.299" classname="com.znodellc.admin9xqa.Znode9X.executor.Execute"/>
  <testcase name="getSteps" time="0.110" classname="com.znodellc.admin9xqa.Znode9X.executor.Execute"/>
  <testcase name="getSteps" time="5.635" classname="com.znodellc.admin9xqa.Znode9X.executor.Execute"/>
  <testcase name="getSteps" time="0.125" classname="com.znodellc.admin9xqa.Znode9X.executor.Execute"/>
  <testcase name="getSteps" time="5.866" classname="com.znodellc.admin9xqa.Znode9X.executor.Execute"/>
  <testcase name="getSteps" time="3.105" classname="com.znodellc.admin9xqa.Znode9X.executor.Execute"/>
  <testcase name="getSteps" time="3.129" classname="com.znodellc.admin9xqa.Znode9X.executor.Execute"/>
  <testcase name="getSteps" time="3.103" classname="com.znodellc.admin9xqa.Znode9X.executor.Execute"/>
  <testcase name="getSteps" time="3.099" classname="com.znodellc.admin9xqa.Znode9X.executor.Execute"/>
</testsuite> <!-- com.znodellc.admin9xqa.Znode9X.executor.Execute -->
