<?xml version="1.0" encoding="UTF-8"?>
<!-- Generated by org.testng.reporters.JUnitReportReporter -->
<testsuite name="com.znodellc.admin9xqa.Znode9X.executor.Execute" tests="17" time="57.331" ignored="0" failures="0" timestamp="21 Jun 2017 11:47:48 GMT" skipped="0" hostname="MSD001" errors="0">
  <testcase name="getSteps" time="5.543" classname="com.znodellc.admin9xqa.Znode9X.executor.Execute"/>
  <testcase name="getSteps" time="3.115" classname="com.znodellc.admin9xqa.Znode9X.executor.Execute"/>
  <testcase name="getSteps" time="3.095" classname="com.znodellc.admin9xqa.Znode9X.executor.Execute"/>
  <testcase name="getSteps" time="3.118" classname="com.znodellc.admin9xqa.Znode9X.executor.Execute"/>
  <testcase name="getSteps" time="0.113" classname="com.znodellc.admin9xqa.Znode9X.executor.Execute"/>
  <testcase name="getSteps" time="2.155" classname="com.znodellc.admin9xqa.Znode9X.executor.Execute"/>
  <testcase name="getSteps" time="9.146" classname="com.znodellc.admin9xqa.Znode9X.executor.Execute"/>
  <testcase name="getSteps" time="3.100" classname="com.znodellc.admin9xqa.Znode9X.executor.Execute"/>
  <testcase name="getSteps" time="3.148" classname="com.znodellc.admin9xqa.Znode9X.executor.Execute"/>
  <testcase name="getSteps" time="0.136" classname="com.znodellc.admin9xqa.Znode9X.executor.Execute"/>
  <testcase name="getSteps" time="0.100" classname="com.znodellc.admin9xqa.Znode9X.executor.Execute"/>
  <testcase name="getSteps" time="3.209" classname="com.znodellc.admin9xqa.Znode9X.executor.Execute"/>
  <testcase name="getSteps" time="5.716" classname="com.znodellc.admin9xqa.Znode9X.executor.Execute"/>
  <testcase name="getSteps" time="4.001" classname="com.znodellc.admin9xqa.Znode9X.executor.Execute"/>
  <testcase name="getSteps" time="0.385" classname="com.znodellc.admin9xqa.Znode9X.executor.Execute"/>
  <testcase name="getSteps" time="8.151" classname="com.znodellc.admin9xqa.Znode9X.executor.Execute"/>
  <testcase name="getSteps" time="3.100" classname="com.znodellc.admin9xqa.Znode9X.executor.Execute"/>
</testsuite> <!-- com.znodellc.admin9xqa.Znode9X.executor.Execute -->
