<?xml version="1.0" encoding="UTF-8"?>
<!-- Generated by org.testng.reporters.JUnitReportReporter -->
<testsuite name="com.znodellc.admin9xqa.Znode9X.executor.Execute" tests="43" time="48.977" ignored="0" failures="0" timestamp="03 Jul 2017 11:32:13 GMT" skipped="0" hostname="MSD001" errors="0">
  <testcase name="getSteps" time="0.014" classname="com.znodellc.admin9xqa.Znode9X.executor.Execute"/>
  <testcase name="getSteps" time="4.160" classname="com.znodellc.admin9xqa.Znode9X.executor.Execute"/>
  <testcase name="getSteps" time="0.025" classname="com.znodellc.admin9xqa.Znode9X.executor.Execute"/>
  <testcase name="getSteps" time="0.022" classname="com.znodellc.admin9xqa.Znode9X.executor.Execute"/>
  <testcase name="getSteps" time="0.017" classname="com.znodellc.admin9xqa.Znode9X.executor.Execute"/>
  <testcase name="getSteps" time="0.015" classname="com.znodellc.admin9xqa.Znode9X.executor.Execute"/>
  <testcase name="getSteps" time="0.013" classname="com.znodellc.admin9xqa.Znode9X.executor.Execute"/>
  <testcase name="getSteps" time="0.026" classname="com.znodellc.admin9xqa.Znode9X.executor.Execute"/>
  <testcase name="getSteps" time="0.029" classname="com.znodellc.admin9xqa.Znode9X.executor.Execute"/>
  <testcase name="getSteps" time="8.208" classname="com.znodellc.admin9xqa.Znode9X.executor.Execute"/>
  <testcase name="getSteps" time="0.014" classname="com.znodellc.admin9xqa.Znode9X.executor.Execute"/>
  <testcase name="getSteps" time="12.603" classname="com.znodellc.admin9xqa.Znode9X.executor.Execute"/>
  <testcase name="getSteps" time="0.018" classname="com.znodellc.admin9xqa.Znode9X.executor.Execute"/>
  <testcase name="getSteps" time="0.013" classname="com.znodellc.admin9xqa.Znode9X.executor.Execute"/>
  <testcase name="getSteps" time="0.025" classname="com.znodellc.admin9xqa.Znode9X.executor.Execute"/>
  <testcase name="getSteps" time="0.019" classname="com.znodellc.admin9xqa.Znode9X.executor.Execute"/>
  <testcase name="getSteps" time="0.017" classname="com.znodellc.admin9xqa.Znode9X.executor.Execute"/>
  <testcase name="getSteps" time="0.015" classname="com.znodellc.admin9xqa.Znode9X.executor.Execute"/>
  <testcase name="getSteps" time="0.016" classname="com.znodellc.admin9xqa.Znode9X.executor.Execute"/>
  <testcase name="getSteps" time="0.021" classname="com.znodellc.admin9xqa.Znode9X.executor.Execute"/>
  <testcase name="getSteps" time="0.020" classname="com.znodellc.admin9xqa.Znode9X.executor.Execute"/>
  <testcase name="getSteps" time="0.014" classname="com.znodellc.admin9xqa.Znode9X.executor.Execute"/>
  <testcase name="getSteps" time="0.085" classname="com.znodellc.admin9xqa.Znode9X.executor.Execute"/>
  <testcase name="getSteps" time="0.017" classname="com.znodellc.admin9xqa.Znode9X.executor.Execute"/>
  <testcase name="getSteps" time="0.014" classname="com.znodellc.admin9xqa.Znode9X.executor.Execute"/>
  <testcase name="getSteps" time="0.025" classname="com.znodellc.admin9xqa.Znode9X.executor.Execute"/>
  <testcase name="getSteps" time="0.016" classname="com.znodellc.admin9xqa.Znode9X.executor.Execute"/>
  <testcase name="getSteps" time="0.015" classname="com.znodellc.admin9xqa.Znode9X.executor.Execute"/>
  <testcase name="getSteps" time="0.015" classname="com.znodellc.admin9xqa.Znode9X.executor.Execute"/>
  <testcase name="getSteps" time="0.014" classname="com.znodellc.admin9xqa.Znode9X.executor.Execute"/>
  <testcase name="getSteps" time="3.113" classname="com.znodellc.admin9xqa.Znode9X.executor.Execute"/>
  <testcase name="getSteps" time="0.030" classname="com.znodellc.admin9xqa.Znode9X.executor.Execute"/>
  <testcase name="getSteps" time="0.059" classname="com.znodellc.admin9xqa.Znode9X.executor.Execute"/>
  <testcase name="getSteps" time="0.147" classname="com.znodellc.admin9xqa.Znode9X.executor.Execute"/>
  <testcase name="getSteps" time="0.023" classname="com.znodellc.admin9xqa.Znode9X.executor.Execute"/>
  <testcase name="getSteps" time="2.349" classname="com.znodellc.admin9xqa.Znode9X.executor.Execute"/>
  <testcase name="getSteps" time="1.678" classname="com.znodellc.admin9xqa.Znode9X.executor.Execute"/>
  <testcase name="getSteps" time="5.779" classname="com.znodellc.admin9xqa.Znode9X.executor.Execute"/>
  <testcase name="getSteps" time="10.090" classname="com.znodellc.admin9xqa.Znode9X.executor.Execute"/>
  <testcase name="getSteps" time="0.019" classname="com.znodellc.admin9xqa.Znode9X.executor.Execute"/>
  <testcase name="getSteps" time="0.120" classname="com.znodellc.admin9xqa.Znode9X.executor.Execute"/>
  <testcase name="getSteps" time="0.016" classname="com.znodellc.admin9xqa.Znode9X.executor.Execute"/>
  <testcase name="getSteps" time="0.029" classname="com.znodellc.admin9xqa.Znode9X.executor.Execute"/>
</testsuite> <!-- com.znodellc.admin9xqa.Znode9X.executor.Execute -->
