<?xml version="1.0" encoding="UTF-8"?>
<!-- Generated by org.testng.reporters.JUnitReportReporter -->
<testsuite skipped="0" hostname="MSD001" name="Executor.Execute" tests="5" failures="0" timestamp="05 Jun 2017 07:28:31 GMT" time="14.514" errors="0">
  <testcase name="getSteps" time="0.124" classname="Executor.Execute"/>
  <testcase name="getSteps" time="3.257" classname="Executor.Execute"/>
  <testcase name="getSteps" time="0.181" classname="Executor.Execute"/>
  <testcase name="getSteps" time="8.292" classname="Executor.Execute"/>
  <testcase name="getSteps" time="2.660" classname="Executor.Execute"/>
</testsuite> <!-- Executor.Execute -->
