<?xml version="1.0" encoding="UTF-8"?>
<!-- Generated by org.testng.reporters.JUnitReportReporter -->
<testsuite skipped="0" hostname="MSD001" name="Executor.Execute" tests="5" failures="0" timestamp="01 Jun 2017 10:22:42 GMT" time="25.294" errors="0">
  <testcase name="getSteps" time="0.109" classname="Executor.Execute"/>
  <testcase name="getSteps" time="7.207" classname="Executor.Execute"/>
  <testcase name="getSteps" time="0.218" classname="Executor.Execute"/>
  <testcase name="getSteps" time="14.913" classname="Executor.Execute"/>
  <testcase name="getSteps" time="2.847" classname="Executor.Execute"/>
</testsuite> <!-- Executor.Execute -->
